http://solana.com
http://solana.com/
http://solana.com/
http://solana.com/
http://solana.com/
https://solana.com
http://solana.com/src
https://solana.com/ar
https://solana.com/de
https://solana.com/el
http://solana.com/href
https://solana.com/es
http://solana.com/image/png
https://solana.com/hi
https://solana.com/id
https://solana.com/nl
https://solana.com/ko
https://solana.com/fi
https://solana.com/fr
https://solana.com/ja
https://solana.com/ru
https://solana.com/pl
https://solana.com/it
https://solana.com/uk
https://solana.com/tr
https://solana.com/pt
https://solana.com/zh
https://solana.com/vi
http://solana.com/developers/payments
http://solana.com/application/json
http://solana.com/f467b9944904478e81a0736b1f485126/en
https://solana.com/environment
